/*C4*/SET SCHEMA PUBLIC
DISCONNECT
/*C5*/SET SCHEMA FACTURACION
INSERT INTO DOCUMENTOCOMERCIAL VALUES('Factura','402849ec83b8a0a10183b8a6f9800000',2022,'2022-10-08',1,'',1,NULL)
INSERT INTO DOCUMENTOCOMERCIAL_DETALLES VALUES('402849ec83b8a0a10183b8a6f9800000',0,2)
COMMIT
INSERT INTO DOCUMENTOCOMERCIAL VALUES('Factura','402849ec83b8a0a10183b8a7abb50001',2022,'2022-10-08',2,'',1,NULL)
COMMIT
INSERT INTO DOCUMENTOCOMERCIAL VALUES('Pedido','402849ec83b8a0a10183b8a7f80b0002',2022,'2022-10-08',3,'',1,'402849ec83b8a0a10183b8a6f9800000')
INSERT INTO DOCUMENTOCOMERCIAL_DETALLES VALUES('402849ec83b8a0a10183b8a7f80b0002',0,1)
INSERT INTO DOCUMENTOCOMERCIAL_DETALLES VALUES('402849ec83b8a0a10183b8a7f80b0002',0,3)
INSERT INTO DOCUMENTOCOMERCIAL_DETALLES VALUES('402849ec83b8a0a10183b8a7f80b0002',0,2)
COMMIT
INSERT INTO DOCUMENTOCOMERCIAL VALUES('Pedido','402849ec83b8a0a10183b8a868d80003',2022,'2022-10-08',1,'',1,'402849ec83b8a0a10183b8a6f9800000')
COMMIT
INSERT INTO DOCUMENTOCOMERCIAL VALUES('Pedido','402849ec83b8a0a10183b8a891800004',2022,'2022-10-08',4,'',1,NULL)
INSERT INTO DOCUMENTOCOMERCIAL_DETALLES VALUES('402849ec83b8a0a10183b8a891800004',0,2)
COMMIT
INSERT INTO DOCUMENTOCOMERCIAL VALUES('Pedido','402849ec83b8a0a10183b8a8e74a0005',2022,'2022-10-08',5,'',1,'402849ec83b8a0a10183b8a6f9800000')
INSERT INTO DOCUMENTOCOMERCIAL_DETALLES VALUES('402849ec83b8a0a10183b8a8e74a0005',0,1)
COMMIT
INSERT INTO DOCUMENTOCOMERCIAL VALUES('Pedido','402849ec83b8a0a10183b8a93f620006',2022,'2022-10-08',6,'',1,'402849ec83b8a0a10183b8a6f9800000')
INSERT INTO DOCUMENTOCOMERCIAL_DETALLES VALUES('402849ec83b8a0a10183b8a93f620006',0,1)
COMMIT
